EE
======================================================================
ERROR: test_sync_fallback_if_no_server_time (test_sync_logic.TestSync)
----------------------------------------------------------------------
Traceback (most recent call last):
  File "C:\Users\kchan\Downloads\chandu resume\projects\mouse_tracking_keyboard\Mouse_keyboard_tracking_system-\test_sync_logic.py", line 58, in test_sync_fallback_if_no_server_time
    app.process_sync_data("10:00", None, datetime.date.today().strftime("%Y-%m-%d"), server_work_seconds=0)
  File "C:\Users\kchan\AppData\Local\Programs\Python\Python310\lib\unittest\mock.py", line 643, in __getattr__
    raise AttributeError("Mock object has no attribute %r" % name)
AttributeError: Mock object has no attribute 'process_sync_data'

======================================================================
ERROR: test_sync_uses_server_time (test_sync_logic.TestSync)
----------------------------------------------------------------------
Traceback (most recent call last):
  File "C:\Users\kchan\Downloads\chandu resume\projects\mouse_tracking_keyboard\Mouse_keyboard_tracking_system-\test_sync_logic.py", line 44, in test_sync_uses_server_time
    app = TestApp()
  File "C:\Users\kchan\AppData\Local\Programs\Python\Python310\lib\unittest\mock.py", line 1114, in __call__
    return self._mock_call(*args, **kwargs)
  File "C:\Users\kchan\AppData\Local\Programs\Python\Python310\lib\unittest\mock.py", line 1118, in _mock_call
    return self._execute_mock_call(*args, **kwargs)
  File "C:\Users\kchan\AppData\Local\Programs\Python\Python310\lib\unittest\mock.py", line 1175, in _execute_mock_call
    result = next(effect)
StopIteration

----------------------------------------------------------------------
Ran 2 tests in 0.002s

FAILED (errors=2)
